<?xml version="1.0" encoding="UTF-8"?>
<!-- Generated by org.testng.reporters.JUnitReportReporter -->
<testsuite skipped="0" hostname="xenial-master" name="seleniumTests.aboutPageTestNG" tests="1" failures="0" timestamp="20 Feb 2019 20:03:37 GMT" time="18.634" errors="0">
  <testcase name="aboutPageCheckLink" time="18.634" classname="seleniumTests.aboutPageTestNG"/>
</testsuite> <!-- seleniumTests.aboutPageTestNG -->
